

Microchip MPLAB XC8 Assembler V2.32 build 20210201212658 
                                                                                               Wed Jan 19 12:25:58 2022

Microchip MPLAB XC8 C Compiler v2.32 (Free license) build 20210201212658 Og1 
     1                           	processor	18F4520
     2                           	fnconf	rparam,??,?,0
     3                           	pagewidth 120
     4                           	opt	flic
     5                           	psect	cinit,global,reloc=2,class=CODE,delta=1
     6                           	psect	bssCOMRAM,global,class=COMRAM,space=1,delta=1,lowdata,noexec
     7                           	psect	cstackCOMRAM,global,class=COMRAM,space=1,delta=1,lowdata,noexec
     8                           	psect	text0,global,reloc=2,class=CODE,delta=1
     9                           	psect	intcodelo,global,reloc=2,class=CODE,delta=1
    10                           	psect	intcode,global,reloc=2,class=CODE,delta=1
    11                           	psect	intcode_body,global,reloc=2,class=CODE,delta=1
    12                           	psect	intsave_regs,global,class=BIGRAM,space=1,delta=1,noexec
    13                           	psect	rparam,global,class=COMRAM,space=1,delta=1,noexec
    14                           	psect	temp,global,ovrld,common,class=COMRAM,space=1,delta=1
    15                           	psect	idloc,global,abs,ovrld,class=IDLOC,space=5,delta=1,noexec
    16                           	psect	config,global,abs,ovrld,class=CONFIG,space=4,delta=1,noexec
    17  0000                     
    18                           ; Version 2.32
    19                           ; Generated 02/02/2021 GMT
    20                           ; 
    21                           ; Copyright © 2021, Microchip Technology Inc. and its subsidiaries ("Microchip")
    22                           ; All rights reserved.
    23                           ; 
    24                           ; This software is developed by Microchip Technology Inc. and its subsidiaries ("Microch
      +                          ip").
    25                           ; 
    26                           ; Redistribution and use in source and binary forms, with or without modification, are
    27                           ; permitted provided that the following conditions are met:
    28                           ; 
    29                           ;     1. Redistributions of source code must retain the above copyright notice, this lis
      +                          t of
    30                           ;        conditions and the following disclaimer.
    31                           ; 
    32                           ;     2. Redistributions in binary form must reproduce the above copyright notice, this 
      +                          list
    33                           ;        of conditions and the following disclaimer in the documentation and/or other
    34                           ;        materials provided with the distribution. Publication is not required when
    35                           ;        this file is used in an embedded application.
    36                           ; 
    37                           ;     3. Microchip's name may not be used to endorse or promote products derived from th
      +                          is
    38                           ;        software without specific prior written permission.
    39                           ; 
    40                           ; THIS SOFTWARE IS PROVIDED BY MICROCHIP "AS IS" AND ANY EXPRESS OR IMPLIED WARRANTIES,
    41                           ; INCLUDING, BUT NOT LIMITED TO, THE IMPLIED WARRANTIES OF MERCHANTABILITY AND FITNESS F
      +                          OR
    42                           ; PURPOSE ARE DISCLAIMED.  IN NO EVENT SHALL MICROCHIP BE LIABLE FOR ANY DIRECT, INDIREC
      +                          T,
    43                           ; INCIDENTAL, SPECIAL, EXEMPLARY, OR CONSEQUENTIAL DAMAGES (INCLUDING BUT NOT LIMITED TO
    44                           ; PROCUREMENT OF SUBSTITUTE GOODS OR SERVICES; LOSS OF USE, DATA OR PROFITS; OR BUSINESS
    45                           ; INTERRUPTION) HOWSOEVER CAUSED AND ON ANY THEORY OF LIABILITY, WHETHER IN CONTRACT, ST
      +                          RICT
    46                           ; LIABILITY, OR TORT (INCLUDING NEGLIGENCE OR OTHERWISE) ARISING IN ANY WAY OUT OF THE U
      +                          SE OF
    47                           ; THIS SOFTWARE, EVEN IF ADVISED OF THE POSSIBILITY OF SUCH DAMAGE.
    48                           ; 
    49                           ; 
    50                           ; Code-generator required, PIC18F4520 Definitions
    51                           ; 
    52                           ; SFR Addresses
    53  0000                     _TRISDbits	set	3989
    54  0000                     _LATB	set	3978
    55  0000                     _TRISB	set	3987
    56  0000                     _LATC	set	3979
    57  0000                     _TRISC	set	3988
    58  0000                     _PORTDbits	set	3971
    59  0000                     _PR2	set	4043
    60  0000                     _OSCCONbits	set	4051
    61  0000                     _T2CON	set	4042
    62  0000                     _PIE1bits	set	3997
    63  0000                     _IPR1bits	set	3999
    64  0000                     _RCONbits	set	4048
    65  0000                     _CCP1CONbits	set	4029
    66  0000                     _CCPR1L	set	4030
    67  0000                     _INTCONbits	set	4082
    68  0000                     _INTCON3bits	set	4080
    69                           
    70                           ; #config settings
    71                           
    72                           	psect	cinit
    73  000306                     __pcinit:
    74                           	callstack 0
    75  000306                     start_initialization:
    76                           	callstack 0
    77  000306                     __initialization:
    78                           	callstack 0
    79                           
    80                           ; Clear objects allocated to COMRAM (4 bytes)
    81  000306  6A0D               	clrf	(__pbssCOMRAM+3)& (0+255),c
    82  000308  6A0C               	clrf	(__pbssCOMRAM+2)& (0+255),c
    83  00030A  6A0B               	clrf	(__pbssCOMRAM+1)& (0+255),c
    84  00030C  6A0A               	clrf	__pbssCOMRAM& (0+255),c
    85  00030E                     end_of_initialization:
    86                           	callstack 0
    87  00030E                     __end_of__initialization:
    88                           	callstack 0
    89  00030E  900E               	bcf	int$flags,0,c	;clear compiler interrupt flag (level 1)
    90  000310  920E               	bcf	int$flags,1,c	;clear compiler interrupt flag (level 2)
    91  000312  0100               	movlb	0
    92  000314  EF6B  F000         	goto	_main	;jump to C main() function
    93                           
    94                           	psect	bssCOMRAM
    95  00000A                     __pbssCOMRAM:
    96                           	callstack 0
    97  00000A                     _full_close:
    98                           	callstack 0
    99  00000A                     	ds	2
   100  00000C                     _door:
   101                           	callstack 0
   102  00000C                     	ds	2
   103                           
   104                           	psect	cstackCOMRAM
   105  000001                     __pcstackCOMRAM:
   106                           	callstack 0
   107  000001                     ??_ISR:
   108  000001                     
   109                           ; 1 bytes @ 0x0
   110  000001                     	ds	2
   111  000003                     ??_ISRlow:
   112                           
   113                           ; 1 bytes @ 0x2
   114  000003                     	ds	5
   115  000008                     ??_main:
   116                           
   117                           ; 1 bytes @ 0x7
   118  000008                     	ds	2
   119                           
   120 ;;
   121 ;;Main: autosize = 0, tempsize = 2, incstack = 0, save=0
   122 ;;
   123 ;; *************** function _main *****************
   124 ;; Defined at:
   125 ;;		line 60 in file "newmain.c"
   126 ;; Parameters:    Size  Location     Type
   127 ;;		None
   128 ;; Auto vars:     Size  Location     Type
   129 ;;		None
   130 ;; Return value:  Size  Location     Type
   131 ;;                  1    wreg      void 
   132 ;; Registers used:
   133 ;;		wreg, status,2, status,0
   134 ;; Tracked objects:
   135 ;;		On entry : 0/0
   136 ;;		On exit  : 0/0
   137 ;;		Unchanged: 0/0
   138 ;; Data sizes:     COMRAM   BANK0   BANK1   BANK2   BANK3   BANK4   BANK5
   139 ;;      Params:         0       0       0       0       0       0       0
   140 ;;      Locals:         0       0       0       0       0       0       0
   141 ;;      Temps:          2       0       0       0       0       0       0
   142 ;;      Totals:         2       0       0       0       0       0       0
   143 ;;Total ram usage:        2 bytes
   144 ;; Hardware stack levels required when called: 2
   145 ;; This function calls:
   146 ;;		Nothing
   147 ;; This function is called by:
   148 ;;		Startup code after reset
   149 ;; This function uses a non-reentrant model
   150 ;;
   151                           
   152                           	psect	text0
   153  0000D6                     __ptext0:
   154                           	callstack 0
   155  0000D6                     _main:
   156                           	callstack 29
   157  0000D6                     
   158                           ;newmain.c: 62:     IPR1bits.TMR1IP = 0;
   159  0000D6  8ED0               	bsf	208,7,c	;volatile
   160                           
   161                           ;newmain.c: 63:     PIE1bits.TMR1IE = 1;
   162  0000D8  8EF2               	bsf	242,7,c	;volatile
   163                           
   164                           ;newmain.c: 64: 
   165  0000DA  8CF2               	bsf	242,6,c	;volatile
   166                           
   167                           ;newmain.c: 66:     T2CON = 0b01111101;
   168  0000DC  88F2               	bsf	242,4,c	;volatile
   169                           
   170                           ;newmain.c: 67: 
   171  0000DE  92F2               	bcf	242,1,c	;volatile
   172                           
   173                           ;newmain.c: 70:     CCP1CONbits.CCP1M = 0b1100;
   174  0000E0  9CF0               	bcf	240,6,c	;volatile
   175                           
   176                           ;newmain.c: 71: 
   177  0000E2  86F0               	bsf	240,3,c	;volatile
   178                           
   179                           ;newmain.c: 72:     TRISC = 0;
   180  0000E4  90F0               	bcf	240,0,c	;volatile
   181                           
   182                           ;newmain.c: 74: 
   183  0000E6  909F               	bcf	159,0,c	;volatile
   184                           
   185                           ;newmain.c: 75:     TRISB=0xFF;
   186  0000E8  809D               	bsf	157,0,c	;volatile
   187  0000EA                     
   188                           ;newmain.c: 78:     TRISDbits.RD0 = 0;
   189  0000EA  0E7D               	movlw	125
   190  0000EC  6ECA               	movwf	202,c	;volatile
   191                           
   192                           ;newmain.c: 80: 
   193  0000EE  50D3               	movf	211,w,c	;volatile
   194  0000F0  0B8F               	andlw	-113
   195  0000F2  0910               	iorlw	16
   196  0000F4  6ED3               	movwf	211,c	;volatile
   197                           
   198                           ;newmain.c: 82: 
   199  0000F6  50BD               	movf	189,w,c	;volatile
   200  0000F8  0BF0               	andlw	-16
   201  0000FA  090C               	iorlw	12
   202  0000FC  6EBD               	movwf	189,c	;volatile
   203                           
   204                           ;newmain.c: 84: 
   205  0000FE  0E00               	movlw	0
   206  000100  6E94               	movwf	148,c	;volatile
   207                           
   208                           ;newmain.c: 85: 
   209  000102  0E00               	movlw	0
   210  000104  6E8B               	movwf	139,c	;volatile
   211  000106                     
   212                           ;newmain.c: 87: 
   213  000106  6893               	setf	147,c	;volatile
   214  000108                     
   215                           ;newmain.c: 88: 
   216  000108  688A               	setf	138,c	;volatile
   217  00010A                     
   218                           ;newmain.c: 90: 
   219  00010A  9095               	bcf	149,0,c	;volatile
   220  00010C                     
   221                           ;newmain.c: 91:     CCPR1L = 0b00000011;
   222  00010C  8495               	bsf	149,2,c	;volatile
   223                           
   224                           ;newmain.c: 95:     while(1){
   225  00010E  0E9B               	movlw	155
   226  000110  6ECB               	movwf	203,c	;volatile
   227                           
   228                           ;newmain.c: 103:                     if(CCP1CONbits.DC1B == 0b11)
   229  000112  0E03               	movlw	3
   230  000114  6EBE               	movwf	190,c	;volatile
   231                           
   232                           ;newmain.c: 104:                         CCPR1L--;
   233  000116  0E30               	movlw	48
   234  000118  12BD               	iorwf	189,f,c	;volatile
   235  00011A                     l813:
   236                           
   237                           ;newmain.c: 108:                         break;
   238  00011A  9083               	bcf	131,0,c	;volatile
   239  00011C                     
   240                           ;newmain.c: 110:             }
   241  00011C  B483               	btfsc	131,2,c	;volatile
   242  00011E  EF93  F000         	goto	u101
   243  000122  EF95  F000         	goto	u100
   244  000126                     u101:
   245  000126  EF8D  F000         	goto	l813
   246  00012A                     u100:
   247  00012A                     
   248                           ;newmain.c: 111:             else if(CCPR1L == 0b0000011 && CCP1CONbits.DC1B == 0b11){
   249  00012A  0E0D               	movlw	13
   250  00012C  18BE               	xorwf	190,w,c	;volatile
   251  00012E  A4D8               	btfss	status,2,c
   252  000130  EF9C  F000         	goto	u111
   253  000134  EF9E  F000         	goto	u110
   254  000138                     u111:
   255  000138  EFE0  F000         	goto	l837
   256  00013C                     u110:
   257  00013C  38BD               	swapf	189,w,c	;volatile
   258  00013E  0B03               	andlw	3
   259  000140  0A03               	xorlw	3
   260  000142  A4D8               	btfss	status,2,c
   261  000144  EFA6  F000         	goto	u121
   262  000148  EFA8  F000         	goto	u120
   263  00014C                     u121:
   264  00014C  EFE0  F000         	goto	l837
   265  000150                     u120:
   266  000150                     
   267                           ;newmain.c: 112:                 while(1){
   268  000150  92F2               	bcf	242,1,c	;volatile
   269  000152                     
   270                           ;newmain.c: 113:                     if(door == 1)
   271  000152  0E00               	movlw	0
   272  000154  6E0B               	movwf	(_full_close+1)^0,c
   273  000156  0E00               	movlw	0
   274  000158  6E0A               	movwf	_full_close^0,c
   275  00015A                     l825:
   276                           
   277                           ;newmain.c: 115:                     if(CCP1CONbits.DC1B == 0b11)
   278  00015A  38BD               	swapf	189,w,c	;volatile
   279  00015C  0B03               	andlw	3
   280  00015E  0A03               	xorlw	3
   281  000160  A4D8               	btfss	status,2,c
   282  000162  EFB5  F000         	goto	u131
   283  000166  EFB7  F000         	goto	u130
   284  00016A                     u131:
   285  00016A  EFB8  F000         	goto	l829
   286  00016E                     u130:
   287  00016E                     
   288                           ;newmain.c: 116:                         CCPR1L++;
   289  00016E  06BE               	decf	190,f,c	;volatile
   290  000170                     l829:
   291                           
   292                           ;newmain.c: 117:                     CCP1CONbits.DC1B++;
   293  000170  0E01               	movlw	1
   294  000172  6E08               	movwf	??_main^0,c
   295  000174  38BD               	swapf	189,w,c	;volatile
   296  000176  0B03               	andlw	3
   297  000178  6E09               	movwf	(??_main+1)^0,c
   298  00017A  5008               	movf	??_main^0,w,c
   299  00017C  5E09               	subwf	(??_main+1)^0,f,c
   300  00017E  3A09               	swapf	(??_main+1)^0,f,c
   301  000180  50BD               	movf	189,w,c	;volatile
   302  000182  1809               	xorwf	(??_main+1)^0,w,c
   303  000184  0BCF               	andlw	-49
   304  000186  1809               	xorwf	(??_main+1)^0,w,c
   305  000188  6EBD               	movwf	189,c	;volatile
   306                           
   307                           ;newmain.c: 118:                     _delay((unsigned long)((30)*(200000/4000.0)));
   308  00018A  0ED6               	movlw	214
   309  00018C                     u227:
   310  00018C  D000               	nop2	
   311  00018E  D000               	nop2	
   312  000190  2EE8               	decfsz	wreg,f,c
   313  000192  D7FC               	bra	u227
   314  000194  D000               	nop2	
   315  000196                     
   316                           ;newmain.c: 119:                     if(CCPR1L == 0b00001101 && CCP1CONbits.DC1B == 0b11
      +                          ){
   317  000196  0E03               	movlw	3
   318  000198  18BE               	xorwf	190,w,c	;volatile
   319  00019A  A4D8               	btfss	status,2,c
   320  00019C  EFD2  F000         	goto	u141
   321  0001A0  EFD4  F000         	goto	u140
   322  0001A4                     u141:
   323  0001A4  EFAD  F000         	goto	l825
   324  0001A8                     u140:
   325  0001A8  38BD               	swapf	189,w,c	;volatile
   326  0001AA  0B03               	andlw	3
   327  0001AC  0A03               	xorlw	3
   328  0001AE  A4D8               	btfss	status,2,c
   329  0001B0  EFDC  F000         	goto	u151
   330  0001B4  EFDE  F000         	goto	u150
   331  0001B8                     u151:
   332  0001B8  EFAD  F000         	goto	l825
   333  0001BC                     u150:
   334  0001BC  EF33  F001         	goto	l73
   335  0001C0                     l837:
   336  0001C0  0E03               	movlw	3
   337  0001C2  18BE               	xorwf	190,w,c	;volatile
   338  0001C4  A4D8               	btfss	status,2,c
   339  0001C6  EFE7  F000         	goto	u161
   340  0001CA  EFE9  F000         	goto	u160
   341  0001CE                     u161:
   342  0001CE  EF33  F001         	goto	l73
   343  0001D2                     u160:
   344  0001D2  38BD               	swapf	189,w,c	;volatile
   345  0001D4  0B03               	andlw	3
   346  0001D6  0A03               	xorlw	3
   347  0001D8  A4D8               	btfss	status,2,c
   348  0001DA  EFF1  F000         	goto	u171
   349  0001DE  EFF3  F000         	goto	u170
   350  0001E2                     u171:
   351  0001E2  EF33  F001         	goto	l73
   352  0001E6                     u170:
   353  0001E6                     l841:
   354                           
   355                           ;newmain.c: 125:             PORTDbits.RD0 = 0;
   356  0001E6  040C               	decf	_door^0,w,c
   357  0001E8  100D               	iorwf	(_door+1)^0,w,c
   358  0001EA  A4D8               	btfss	status,2,c
   359  0001EC  EFFA  F000         	goto	u181
   360  0001F0  EFFC  F000         	goto	u180
   361  0001F4                     u181:
   362  0001F4  EFFE  F000         	goto	l845
   363  0001F8                     u180:
   364  0001F8  EF33  F001         	goto	l73
   365  0001FC                     l845:
   366                           
   367                           ;newmain.c: 127:         }
   368  0001FC  38BD               	swapf	189,w,c	;volatile
   369  0001FE  0B03               	andlw	3
   370  000200  0A03               	xorlw	3
   371  000202  A4D8               	btfss	status,2,c
   372  000204  EF06  F001         	goto	u191
   373  000208  EF08  F001         	goto	u190
   374  00020C                     u191:
   375  00020C  EF09  F001         	goto	l849
   376  000210                     u190:
   377  000210                     
   378                           ;newmain.c: 128:     }
   379  000210  2ABE               	incf	190,f,c	;volatile
   380  000212                     l849:
   381                           
   382                           ;newmain.c: 129:     return;
   383  000212  0E01               	movlw	1
   384  000214  6E08               	movwf	??_main^0,c
   385  000216  38BD               	swapf	189,w,c	;volatile
   386  000218  0B03               	andlw	3
   387  00021A  6E09               	movwf	(??_main+1)^0,c
   388  00021C  5008               	movf	??_main^0,w,c
   389  00021E  2609               	addwf	(??_main+1)^0,f,c
   390  000220  3A09               	swapf	(??_main+1)^0,f,c
   391  000222  50BD               	movf	189,w,c	;volatile
   392  000224  1809               	xorwf	(??_main+1)^0,w,c
   393  000226  0BCF               	andlw	-49
   394  000228  1809               	xorwf	(??_main+1)^0,w,c
   395  00022A  6EBD               	movwf	189,c	;volatile
   396                           
   397                           ;newmain.c: 130: }
   398  00022C  0ED6               	movlw	214
   399  00022E                     u237:
   400  00022E  D000               	nop2	
   401  000230  D000               	nop2	
   402  000232  2EE8               	decfsz	wreg,f,c
   403  000234  D7FC               	bra	u237
   404  000236  D000               	nop2	
   405  000238  0E0D               	movlw	13
   406  00023A  18BE               	xorwf	190,w,c	;volatile
   407  00023C  A4D8               	btfss	status,2,c
   408  00023E  EF23  F001         	goto	u201
   409  000242  EF25  F001         	goto	u200
   410  000246                     u201:
   411  000246  EFF3  F000         	goto	l841
   412  00024A                     u200:
   413  00024A  38BD               	swapf	189,w,c	;volatile
   414  00024C  0B03               	andlw	3
   415  00024E  0A03               	xorlw	3
   416  000250  A4D8               	btfss	status,2,c
   417  000252  EF2D  F001         	goto	u211
   418  000256  EF2F  F001         	goto	u210
   419  00025A                     u211:
   420  00025A  EFF3  F000         	goto	l841
   421  00025E                     u210:
   422  00025E  0E00               	movlw	0
   423  000260  6E0B               	movwf	(_full_close+1)^0,c
   424  000262  0E01               	movlw	1
   425  000264  6E0A               	movwf	_full_close^0,c
   426  000266                     l73:
   427  000266  9083               	bcf	131,0,c	;volatile
   428  000268  0E00               	movlw	0
   429  00026A  6E0D               	movwf	(_door+1)^0,c
   430  00026C  0E00               	movlw	0
   431  00026E  6E0C               	movwf	_door^0,c
   432  000270  EF8D  F000         	goto	l813
   433  000274  EF69  F000         	goto	start
   434  000278                     __end_of_main:
   435                           	callstack 0
   436                           
   437 ;; *************** function _ISRlow *****************
   438 ;; Defined at:
   439 ;;		line 17 in file "newmain.c"
   440 ;; Parameters:    Size  Location     Type
   441 ;;		None
   442 ;; Auto vars:     Size  Location     Type
   443 ;;		None
   444 ;; Return value:  Size  Location     Type
   445 ;;                  1    wreg      void 
   446 ;; Registers used:
   447 ;;		wreg, status,2, status,0
   448 ;; Tracked objects:
   449 ;;		On entry : 0/0
   450 ;;		On exit  : 0/0
   451 ;;		Unchanged: 0/0
   452 ;; Data sizes:     COMRAM   BANK0   BANK1   BANK2   BANK3   BANK4   BANK5
   453 ;;      Params:         0       0       0       0       0       0       0
   454 ;;      Locals:         0       0       0       0       0       0       0
   455 ;;      Temps:          5       0       0       0       0       0       0
   456 ;;      Totals:         5       0       0       0       0       0       0
   457 ;;Total ram usage:        5 bytes
   458 ;; Hardware stack levels used: 1
   459 ;; Hardware stack levels required when called: 1
   460 ;; This function calls:
   461 ;;		Nothing
   462 ;; This function is called by:
   463 ;;		Interrupt level 1
   464 ;; This function uses a non-reentrant model
   465 ;;
   466                           
   467                           	psect	intcodelo
   468  000018                     __pintcodelo:
   469                           	callstack 0
   470  000018                     _ISRlow:
   471                           	callstack 29
   472                           
   473                           ;incstack = 0
   474  000018  800E               	bsf	int$flags,0,c	;set compiler interrupt flag (level 1)
   475  00001A  CFD8 F005          	movff	status,??_ISRlow+2
   476  00001E  CFE8 F006          	movff	wreg,??_ISRlow+3
   477  000022  CFE0 F007          	movff	bsr,??_ISRlow+4
   478  000026                     
   479                           ;newmain.c: 19:                     _delay((unsigned long)((30)*(200000/4000.0)));
   480  000026  8083               	bsf	131,0,c	;volatile
   481  000028                     
   482                           ;newmain.c: 21: 
   483  000028  0E0D               	movlw	13
   484  00002A  18BE               	xorwf	190,w,c	;volatile
   485  00002C  A4D8               	btfss	status,2,c
   486  00002E  EF1B  F000         	goto	i1u1_21
   487  000032  EF1D  F000         	goto	i1u1_20
   488  000036                     i1u1_21:
   489  000036  EF60  F000         	goto	i1l43
   490  00003A                     i1u1_20:
   491  00003A  38BD               	swapf	189,w,c	;volatile
   492  00003C  0B03               	andlw	3
   493  00003E  0A03               	xorlw	3
   494  000040  A4D8               	btfss	status,2,c
   495  000042  EF25  F000         	goto	i1u2_21
   496  000046  EF27  F000         	goto	i1u2_20
   497  00004A                     i1u2_21:
   498  00004A  EF60  F000         	goto	i1l43
   499  00004E                     i1u2_20:
   500  00004E                     
   501                           ;newmain.c: 22:             };newmain.c: 23:         INTCON3bits.INT1IF = 0b0;
   502  00004E  0E00               	movlw	0
   503  000050  6E0B               	movwf	(_full_close+1)^0,c
   504  000052  0E00               	movlw	0
   505  000054  6E0A               	movwf	_full_close^0,c
   506  000056                     i1l767:
   507                           
   508                           ;newmain.c: 25: };newmain.c: 26: 
   509  000056  0E03               	movlw	3
   510  000058  18BE               	xorwf	190,w,c	;volatile
   511  00005A  A4D8               	btfss	status,2,c
   512  00005C  EF32  F000         	goto	i1u3_21
   513  000060  EF34  F000         	goto	i1u3_20
   514  000064                     i1u3_21:
   515  000064  EF40  F000         	goto	i1l773
   516  000068                     i1u3_20:
   517  000068  38BD               	swapf	189,w,c	;volatile
   518  00006A  0B03               	andlw	3
   519  00006C  0A03               	xorlw	3
   520  00006E  A4D8               	btfss	status,2,c
   521  000070  EF3C  F000         	goto	i1u4_21
   522  000074  EF3E  F000         	goto	i1u4_20
   523  000078                     i1u4_21:
   524  000078  EF40  F000         	goto	i1l773
   525  00007C                     i1u4_20:
   526  00007C  EF60  F000         	goto	i1l43
   527  000080                     i1l773:
   528                           
   529                           ;newmain.c: 28: {
   530  000080  38BD               	swapf	189,w,c	;volatile
   531  000082  0B03               	andlw	3
   532  000084  0A03               	xorlw	3
   533  000086  A4D8               	btfss	status,2,c
   534  000088  EF48  F000         	goto	i1u5_21
   535  00008C  EF4A  F000         	goto	i1u5_20
   536  000090                     i1u5_21:
   537  000090  EF4B  F000         	goto	i1l777
   538  000094                     i1u5_20:
   539  000094                     
   540                           ;newmain.c: 29:         if(full_close == 0){
   541  000094  06BE               	decf	190,f,c	;volatile
   542  000096                     i1l777:
   543                           
   544                           ;newmain.c: 30:             PORTDbits.RD0 = 1;
   545  000096  0E01               	movlw	1
   546  000098  6E03               	movwf	??_ISRlow^0,c
   547  00009A  38BD               	swapf	189,w,c	;volatile
   548  00009C  0B03               	andlw	3
   549  00009E  6E04               	movwf	(??_ISRlow+1)^0,c
   550  0000A0  5003               	movf	??_ISRlow^0,w,c
   551  0000A2  5E04               	subwf	(??_ISRlow+1)^0,f,c
   552  0000A4  3A04               	swapf	(??_ISRlow+1)^0,f,c
   553  0000A6  50BD               	movf	189,w,c	;volatile
   554  0000A8  1804               	xorwf	(??_ISRlow+1)^0,w,c
   555  0000AA  0BCF               	andlw	-49
   556  0000AC  1804               	xorwf	(??_ISRlow+1)^0,w,c
   557  0000AE  6EBD               	movwf	189,c	;volatile
   558                           
   559                           ;newmain.c: 31: 
   560  0000B0  0ED6               	movlw	214
   561  0000B2                     i1u24_27:
   562  0000B2  D000               	nop2	
   563  0000B4  D000               	nop2	
   564  0000B6  2EE8               	decfsz	wreg,f,c
   565  0000B8  D7FC               	bra	i1u24_27
   566  0000BA  D000               	nop2	
   567  0000BC  EF2B  F000         	goto	i1l767
   568  0000C0                     i1l43:
   569                           
   570                           ;newmain.c: 35:                     break;
   571  0000C0  90F0               	bcf	240,0,c	;volatile
   572  0000C2  C007  FFE0         	movff	??_ISRlow+4,bsr
   573  0000C6  C006  FFE8         	movff	??_ISRlow+3,wreg
   574  0000CA  C005  FFD8         	movff	??_ISRlow+2,status
   575  0000CE  900E               	bcf	int$flags,0,c	;clear compiler interrupt flag (level 1)
   576  0000D0  0010               	retfie	
   577  0000D2                     __end_of_ISRlow:
   578                           	callstack 0
   579                           
   580 ;; *************** function _ISR *****************
   581 ;; Defined at:
   582 ;;		line 39 in file "newmain.c"
   583 ;; Parameters:    Size  Location     Type
   584 ;;		None
   585 ;; Auto vars:     Size  Location     Type
   586 ;;		None
   587 ;; Return value:  Size  Location     Type
   588 ;;                  1    wreg      void 
   589 ;; Registers used:
   590 ;;		wreg, status,2, status,0
   591 ;; Tracked objects:
   592 ;;		On entry : 0/0
   593 ;;		On exit  : 0/0
   594 ;;		Unchanged: 0/0
   595 ;; Data sizes:     COMRAM   BANK0   BANK1   BANK2   BANK3   BANK4   BANK5
   596 ;;      Params:         0       0       0       0       0       0       0
   597 ;;      Locals:         0       0       0       0       0       0       0
   598 ;;      Temps:          2       0       0       0       0       0       0
   599 ;;      Totals:         2       0       0       0       0       0       0
   600 ;;Total ram usage:        2 bytes
   601 ;; Hardware stack levels used: 1
   602 ;; This function calls:
   603 ;;		Nothing
   604 ;; This function is called by:
   605 ;;		Interrupt level 2
   606 ;; This function uses a non-reentrant model
   607 ;;
   608                           
   609                           	psect	intcode
   610  000008                     __pintcode:
   611                           	callstack 0
   612  000008                     _ISR:
   613                           	callstack 29
   614                           
   615                           ;incstack = 0
   616  000008  820E               	bsf	int$flags,1,c	;set compiler interrupt flag (level 2)
   617  00000A  ED3C  F001         	call	int_func,f	;refresh shadow registers
   618                           
   619                           	psect	intcode_body
   620  000278                     __pintcode_body:
   621                           	callstack 29
   622  000278                     int_func:
   623                           	callstack 29
   624  000278  0006               	pop		; remove dummy address from shadow register refresh
   625  00027A                     
   626                           ;newmain.c: 41:             door = 1;
   627  00027A  500A               	movf	_full_close^0,w,c
   628  00027C  100B               	iorwf	(_full_close+1)^0,w,c
   629  00027E  A4D8               	btfss	status,2,c
   630  000280  EF44  F001         	goto	i2u6_41
   631  000284  EF46  F001         	goto	i2u6_40
   632  000288                     i2u6_41:
   633  000288  EF80  F001         	goto	i2l797
   634  00028C                     i2u6_40:
   635  00028C                     
   636                           ;newmain.c: 42:         }
   637  00028C  8083               	bsf	131,0,c	;volatile
   638  00028E                     i2l783:
   639                           
   640                           ;newmain.c: 45:     return;;newmain.c: 46: }
   641  00028E  0E03               	movlw	3
   642  000290  18BE               	xorwf	190,w,c	;volatile
   643  000292  A4D8               	btfss	status,2,c
   644  000294  EF4E  F001         	goto	i2u7_41
   645  000298  EF50  F001         	goto	i2u7_40
   646  00029C                     i2u7_41:
   647  00029C  EF5C  F001         	goto	i2l789
   648  0002A0                     i2u7_40:
   649  0002A0  38BD               	swapf	189,w,c	;volatile
   650  0002A2  0B03               	andlw	3
   651  0002A4  0A03               	xorlw	3
   652  0002A6  A4D8               	btfss	status,2,c
   653  0002A8  EF58  F001         	goto	i2u8_41
   654  0002AC  EF5A  F001         	goto	i2u8_40
   655  0002B0                     i2u8_41:
   656  0002B0  EF5C  F001         	goto	i2l789
   657  0002B4                     i2u8_40:
   658  0002B4  EF7C  F001         	goto	i2l795
   659  0002B8                     i2l789:
   660                           
   661                           ;newmain.c: 48: void main(void) {
   662  0002B8  38BD               	swapf	189,w,c	;volatile
   663  0002BA  0B03               	andlw	3
   664  0002BC  0A03               	xorlw	3
   665  0002BE  A4D8               	btfss	status,2,c
   666  0002C0  EF64  F001         	goto	i2u9_41
   667  0002C4  EF66  F001         	goto	i2u9_40
   668  0002C8                     i2u9_41:
   669  0002C8  EF67  F001         	goto	i2l793
   670  0002CC                     i2u9_40:
   671  0002CC                     
   672                           ;newmain.c: 49: 
   673  0002CC  06BE               	decf	190,f,c	;volatile
   674  0002CE                     i2l793:
   675                           
   676                           ;newmain.c: 50:     RCONbits.IPEN = 0b1;
   677  0002CE  0E01               	movlw	1
   678  0002D0  6E01               	movwf	??_ISR^0,c
   679  0002D2  38BD               	swapf	189,w,c	;volatile
   680  0002D4  0B03               	andlw	3
   681  0002D6  6E02               	movwf	(??_ISR+1)^0,c
   682  0002D8  5001               	movf	??_ISR^0,w,c
   683  0002DA  5E02               	subwf	(??_ISR+1)^0,f,c
   684  0002DC  3A02               	swapf	(??_ISR+1)^0,f,c
   685  0002DE  50BD               	movf	189,w,c	;volatile
   686  0002E0  1802               	xorwf	(??_ISR+1)^0,w,c
   687  0002E2  0BCF               	andlw	-49
   688  0002E4  1802               	xorwf	(??_ISR+1)^0,w,c
   689  0002E6  6EBD               	movwf	189,c	;volatile
   690                           
   691                           ;newmain.c: 51:     INTCONbits.GIEH = 0b1;
   692  0002E8  0ED6               	movlw	214
   693  0002EA                     i2u25_47:
   694  0002EA  D000               	nop2	
   695  0002EC  D000               	nop2	
   696  0002EE  2EE8               	decfsz	wreg,f,c
   697  0002F0  D7FC               	bra	i2u25_47
   698  0002F2  D000               	nop2	
   699  0002F4  EF47  F001         	goto	i2l783
   700  0002F8                     i2l795:
   701                           
   702                           ;newmain.c: 53: 
   703  0002F8  0E00               	movlw	0
   704  0002FA  6E0D               	movwf	(_door+1)^0,c
   705  0002FC  0E01               	movlw	1
   706  0002FE  6E0C               	movwf	_door^0,c
   707  000300                     i2l797:
   708                           
   709                           ;newmain.c: 55:     INTCONbits.INT0IF = 0b0;
   710  000300  92F2               	bcf	242,1,c	;volatile
   711  000302  920E               	bcf	int$flags,1,c	;clear compiler interrupt flag (level 2)
   712  000304  0011               	retfie		f
   713  000306                     __end_of_ISR:
   714                           	callstack 0
   715  0000                     
   716                           	psect	rparam
   717  0000                     
   718                           	psect	temp
   719  00000E                     btemp:
   720                           	callstack 0
   721  00000E                     	ds	1
   722  0000                     int$flags	set	btemp
   723  0000                     wtemp8	set	btemp+1
   724  0000                     ttemp5	set	btemp+1
   725  0000                     ttemp6	set	btemp+4
   726  0000                     ttemp7	set	btemp+8
   727                           
   728                           	psect	idloc
   729                           
   730                           ;Config register IDLOC0 @ 0x200000
   731                           ;	unspecified, using default values
   732  200000                     	org	2097152
   733  200000  FF                 	db	255
   734                           
   735                           ;Config register IDLOC1 @ 0x200001
   736                           ;	unspecified, using default values
   737  200001                     	org	2097153
   738  200001  FF                 	db	255
   739                           
   740                           ;Config register IDLOC2 @ 0x200002
   741                           ;	unspecified, using default values
   742  200002                     	org	2097154
   743  200002  FF                 	db	255
   744                           
   745                           ;Config register IDLOC3 @ 0x200003
   746                           ;	unspecified, using default values
   747  200003                     	org	2097155
   748  200003  FF                 	db	255
   749                           
   750                           ;Config register IDLOC4 @ 0x200004
   751                           ;	unspecified, using default values
   752  200004                     	org	2097156
   753  200004  FF                 	db	255
   754                           
   755                           ;Config register IDLOC5 @ 0x200005
   756                           ;	unspecified, using default values
   757  200005                     	org	2097157
   758  200005  FF                 	db	255
   759                           
   760                           ;Config register IDLOC6 @ 0x200006
   761                           ;	unspecified, using default values
   762  200006                     	org	2097158
   763  200006  FF                 	db	255
   764                           
   765                           ;Config register IDLOC7 @ 0x200007
   766                           ;	unspecified, using default values
   767  200007                     	org	2097159
   768  200007  FF                 	db	255
   769                           
   770                           	psect	config
   771                           
   772                           ; Padding undefined space
   773  300000                     	org	3145728
   774  300000  FF                 	db	255
   775                           
   776                           ;Config register CONFIG1H @ 0x300001
   777                           ;	Oscillator Selection bits
   778                           ;	OSC = INTIO67, Internal oscillator block, port function on RA6 and RA7
   779                           ;	Fail-Safe Clock Monitor Enable bit
   780                           ;	FCMEN = 0x0, unprogrammed default
   781                           ;	Internal/External Oscillator Switchover bit
   782                           ;	IESO = 0x0, unprogrammed default
   783  300001                     	org	3145729
   784  300001  08                 	db	8
   785                           
   786                           ;Config register CONFIG2L @ 0x300002
   787                           ;	Power-up Timer Enable bit
   788                           ;	PWRT = OFF, PWRT disabled
   789                           ;	Brown-out Reset Enable bits
   790                           ;	BOREN = ON, Brown-out Reset enabled and controlled by software (SBOREN is enabled)
   791                           ;	Brown Out Reset Voltage bits
   792                           ;	BORV = 0x3, unprogrammed default
   793  300002                     	org	3145730
   794  300002  1B                 	db	27
   795                           
   796                           ;Config register CONFIG2H @ 0x300003
   797                           ;	Watchdog Timer Enable bit
   798                           ;	WDT = OFF, WDT disabled (control is placed on the SWDTEN bit)
   799                           ;	Watchdog Timer Postscale Select bits
   800                           ;	WDTPS = 0xF, unprogrammed default
   801  300003                     	org	3145731
   802  300003  1E                 	db	30
   803                           
   804                           ; Padding undefined space
   805  300004                     	org	3145732
   806  300004  FF                 	db	255
   807                           
   808                           ;Config register CONFIG3H @ 0x300005
   809                           ;	CCP2 MUX bit
   810                           ;	CCP2MX = 0x1, unprogrammed default
   811                           ;	PORTB A/D Enable bit
   812                           ;	PBADEN = OFF, PORTB<4:0> pins are configured as digital I/O on Reset
   813                           ;	Low-Power Timer1 Oscillator Enable bit
   814                           ;	LPT1OSC = 0x0, unprogrammed default
   815                           ;	MCLR Pin Enable bit
   816                           ;	MCLRE = 0x1, unprogrammed default
   817  300005                     	org	3145733
   818  300005  81                 	db	129
   819                           
   820                           ;Config register CONFIG4L @ 0x300006
   821                           ;	Stack Full/Underflow Reset Enable bit
   822                           ;	STVREN = 0x1, unprogrammed default
   823                           ;	Single-Supply ICSP Enable bit
   824                           ;	LVP = OFF, Single-Supply ICSP disabled
   825                           ;	Extended Instruction Set Enable bit
   826                           ;	XINST = 0x0, unprogrammed default
   827                           ;	Background Debugger Enable bit
   828                           ;	DEBUG = 0x1, unprogrammed default
   829  300006                     	org	3145734
   830  300006  81                 	db	129
   831                           
   832                           ; Padding undefined space
   833  300007                     	org	3145735
   834  300007  FF                 	db	255
   835                           
   836                           ;Config register CONFIG5L @ 0x300008
   837                           ;	unspecified, using default values
   838                           ;	Code Protection bit
   839                           ;	CP0 = 0x1, unprogrammed default
   840                           ;	Code Protection bit
   841                           ;	CP1 = 0x1, unprogrammed default
   842                           ;	Code Protection bit
   843                           ;	CP2 = 0x1, unprogrammed default
   844                           ;	Code Protection bit
   845                           ;	CP3 = 0x1, unprogrammed default
   846  300008                     	org	3145736
   847  300008  0F                 	db	15
   848                           
   849                           ;Config register CONFIG5H @ 0x300009
   850                           ;	Boot Block Code Protection bit
   851                           ;	CPB = 0x1, unprogrammed default
   852                           ;	Data EEPROM Code Protection bit
   853                           ;	CPD = OFF, Data EEPROM not code-protected
   854  300009                     	org	3145737
   855  300009  C0                 	db	192
   856                           
   857                           ;Config register CONFIG6L @ 0x30000A
   858                           ;	unspecified, using default values
   859                           ;	Write Protection bit
   860                           ;	WRT0 = 0x1, unprogrammed default
   861                           ;	Write Protection bit
   862                           ;	WRT1 = 0x1, unprogrammed default
   863                           ;	Write Protection bit
   864                           ;	WRT2 = 0x1, unprogrammed default
   865                           ;	Write Protection bit
   866                           ;	WRT3 = 0x1, unprogrammed default
   867  30000A                     	org	3145738
   868  30000A  0F                 	db	15
   869                           
   870                           ;Config register CONFIG6H @ 0x30000B
   871                           ;	unspecified, using default values
   872                           ;	Configuration Register Write Protection bit
   873                           ;	WRTC = 0x1, unprogrammed default
   874                           ;	Boot Block Write Protection bit
   875                           ;	WRTB = 0x1, unprogrammed default
   876                           ;	Data EEPROM Write Protection bit
   877                           ;	WRTD = 0x1, unprogrammed default
   878  30000B                     	org	3145739
   879  30000B  E0                 	db	224
   880                           
   881                           ;Config register CONFIG7L @ 0x30000C
   882                           ;	unspecified, using default values
   883                           ;	Table Read Protection bit
   884                           ;	EBTR0 = 0x1, unprogrammed default
   885                           ;	Table Read Protection bit
   886                           ;	EBTR1 = 0x1, unprogrammed default
   887                           ;	Table Read Protection bit
   888                           ;	EBTR2 = 0x1, unprogrammed default
   889                           ;	Table Read Protection bit
   890                           ;	EBTR3 = 0x1, unprogrammed default
   891  30000C                     	org	3145740
   892  30000C  0F                 	db	15
   893                           
   894                           ;Config register CONFIG7H @ 0x30000D
   895                           ;	unspecified, using default values
   896                           ;	Boot Block Table Read Protection bit
   897                           ;	EBTRB = 0x1, unprogrammed default
   898  30000D                     	org	3145741
   899  30000D  40                 	db	64
   900                           tosu	equ	0xFFF
   901                           tosh	equ	0xFFE
   902                           tosl	equ	0xFFD
   903                           stkptr	equ	0xFFC
   904                           pclatu	equ	0xFFB
   905                           pclath	equ	0xFFA
   906                           pcl	equ	0xFF9
   907                           tblptru	equ	0xFF8
   908                           tblptrh	equ	0xFF7
   909                           tblptrl	equ	0xFF6
   910                           tablat	equ	0xFF5
   911                           prodh	equ	0xFF4
   912                           prodl	equ	0xFF3
   913                           indf0	equ	0xFEF
   914                           postinc0	equ	0xFEE
   915                           postdec0	equ	0xFED
   916                           preinc0	equ	0xFEC
   917                           plusw0	equ	0xFEB
   918                           fsr0h	equ	0xFEA
   919                           fsr0l	equ	0xFE9
   920                           wreg	equ	0xFE8
   921                           indf1	equ	0xFE7
   922                           postinc1	equ	0xFE6
   923                           postdec1	equ	0xFE5
   924                           preinc1	equ	0xFE4
   925                           plusw1	equ	0xFE3
   926                           fsr1h	equ	0xFE2
   927                           fsr1l	equ	0xFE1
   928                           bsr	equ	0xFE0
   929                           indf2	equ	0xFDF
   930                           postinc2	equ	0xFDE
   931                           postdec2	equ	0xFDD
   932                           preinc2	equ	0xFDC
   933                           plusw2	equ	0xFDB
   934                           fsr2h	equ	0xFDA
   935                           fsr2l	equ	0xFD9
   936                           status	equ	0xFD8

Data Sizes:
    Strings     0
    Constant    0
    Data        0
    BSS         4
    Persistent  0
    Stack       0

Auto Spaces:
    Space          Size  Autos    Used
    COMRAM          126      9      13
    BANK0           128      0       0
    BANK1           256      0       0
    BANK2           256      0       0
    BANK3           256      0       0
    BANK4           256      0       0
    BANK5           244      0       0

Pointer List with Targets:

    None.

Critical Paths under _main in COMRAM

    None.

Critical Paths under _ISRlow in COMRAM

    None.

Critical Paths under _ISR in COMRAM

    None.

Critical Paths under _main in BANK0

    None.

Critical Paths under _ISRlow in BANK0

    None.

Critical Paths under _ISR in BANK0

    None.

Critical Paths under _main in BANK1

    None.

Critical Paths under _ISRlow in BANK1

    None.

Critical Paths under _ISR in BANK1

    None.

Critical Paths under _main in BANK2

    None.

Critical Paths under _ISRlow in BANK2

    None.

Critical Paths under _ISR in BANK2

    None.

Critical Paths under _main in BANK3

    None.

Critical Paths under _ISRlow in BANK3

    None.

Critical Paths under _ISR in BANK3

    None.

Critical Paths under _main in BANK4

    None.

Critical Paths under _ISRlow in BANK4

    None.

Critical Paths under _ISR in BANK4

    None.

Critical Paths under _main in BANK5

    None.

Critical Paths under _ISRlow in BANK5

    None.

Critical Paths under _ISR in BANK5

    None.

Call Graph Tables:

 ---------------------------------------------------------------------------------
 (Depth) Function   	        Calls       Base Space   Used Autos Params    Refs
 ---------------------------------------------------------------------------------
 (0) _main                                                 2     2      0       0
                                              7 COMRAM     2     2      0
 ---------------------------------------------------------------------------------
 Estimated maximum stack depth 0
 ---------------------------------------------------------------------------------
 (Depth) Function   	        Calls       Base Space   Used Autos Params    Refs
 ---------------------------------------------------------------------------------
 (1) _ISRlow                                               5     5      0       0
                                              2 COMRAM     5     5      0
 ---------------------------------------------------------------------------------
 Estimated maximum stack depth 1
 ---------------------------------------------------------------------------------
 (Depth) Function   	        Calls       Base Space   Used Autos Params    Refs
 ---------------------------------------------------------------------------------
 (2) _ISR                                                  2     2      0       0
                                              0 COMRAM     2     2      0
 ---------------------------------------------------------------------------------
 Estimated maximum stack depth 2
 ---------------------------------------------------------------------------------

 Call Graph Graphs:

 _main (ROOT)

 _ISRlow (ROOT)

 _ISR (ROOT)

 Address spaces:
Name               Size   Autos  Total    Cost      Usage
BIGRAM             5F3      0       0      16        0.0%
EEDATA             100      0       0       0        0.0%
BITBANK4           100      0       0      11        0.0%
BANK4              100      0       0      12        0.0%
BITBANK3           100      0       0       9        0.0%
BANK3              100      0       0      10        0.0%
BITBANK2           100      0       0       7        0.0%
BANK2              100      0       0       8        0.0%
BITBANK1           100      0       0       5        0.0%
BANK1              100      0       0       6        0.0%
BITBANK5            F4      0       0      15        0.0%
BANK5               F4      0       0      13        0.0%
BITBANK0            80      0       0       3        0.0%
BANK0               80      0       0       4        0.0%
BITCOMRAM           7E      0       0       0        0.0%
COMRAM              7E      9       D       1       10.3%
BITSFR_5             0      0       0     200        0.0%
SFR_5                0      0       0     200        0.0%
BITSFR_4             0      0       0     200        0.0%
SFR_4                0      0       0     200        0.0%
BITSFR_3             0      0       0     200        0.0%
SFR_3                0      0       0     200        0.0%
BITSFR_2             0      0       0     200        0.0%
SFR_2                0      0       0     200        0.0%
BITSFR_1             0      0       0     200        0.0%
SFR_1                0      0       0     200        0.0%
BITSFR               0      0       0     200        0.0%
SFR                  0      0       0     200        0.0%
STACK                0      0       0       2        0.0%
NULL                 0      0       0       0        0.0%
ABS                  0      0       D      14        0.0%
DATA                 0      0       D      17        0.0%
CODE                 0      0       0       0        0.0%


Microchip Technology PIC18 Macro Assembler V2.32 build 20210201212658 
Symbol Table                                                                                   Wed Jan 19 12:25:58 2022

                     l73 0266                       bsr 000FE0                      l801 00D6  
                    l811 010C                      l803 00EA                      l821 0150  
                    l813 011A                      l805 0106                      l831 0196  
                    l823 0152                      l815 011C                      l807 0108  
                    l841 01E6                      l833 01A8                      l825 015A  
                    l817 012A                      l809 010A                      l851 0238  
                    l827 016E                      l819 013C                      l853 024A  
                    l845 01FC                      l829 0170                      l837 01C0  
                    l855 025E                      l847 0210                      l839 01D2  
                    l857 0268                      l849 0212                      u100 012A  
                    u101 0126                      u110 013C                      u111 0138  
                    u200 024A                      u120 0150                      u201 0246  
                    u121 014C                      u210 025E                      u130 016E  
                    u211 025A                      u131 016A                      u140 01A8  
                    u141 01A4                      u150 01BC                      u151 01B8  
                    u160 01D2                      u161 01CE                      u170 01E6  
                    u171 01E2                      u227 018C                      u180 01F8  
                    u237 022E                      u181 01F4                      u190 0210  
                    _PR2 000FCB                      u191 020C                      _ISR 0008  
                    wreg 000FE8                     ?_ISR 0001                     _LATB 000F8A  
                   _LATC 000F8B                     i1l43 00C0                     i1l49 00C2  
                   i2l60 0302                     _door 000C                     _main 00D6  
                   btemp 000E                     start 00D2             ___param_bank 000000  
                  ??_ISR 0001                    ?_main 0001                    _T2CON 000FCA  
                  i1l761 0028                    i1l763 003A                    i1l773 0080  
                  i1l765 004E                    i1l775 0094                    i1l767 0056  
                  i1l759 0026                    i1l777 0096                    i1l769 0068  
                  i2l781 028C                    i2l791 02CC                    i2l783 028E  
                  i2l793 02CE                    i2l785 02A0                    i2l795 02F8  
                  i2l779 027A                    i2l789 02B8                    i2l797 0300  
                  _TRISB 000F93                    _TRISC 000F94                    ttemp5 000F  
                  ttemp6 0012                    ttemp7 0016                    status 000FD8  
                  wtemp8 000F          __initialization 0306             __end_of_main 0278  
                 ??_main 0008            __activetblptr 000000                   _CCPR1L 000FBE  
                 i1u1_20 003A                   i1u1_21 0036                   i1u2_20 004E  
                 i1u2_21 004A                   i1u3_20 0068                   i1u3_21 0064  
                 i1u4_20 007C                   i1u4_21 0078                   i1u5_20 0094  
                 i1u5_21 0090                   i2u6_40 028C                   i2u6_41 0288  
                 i2u7_40 02A0                   i2u7_41 029C                   i2u8_40 02B4  
                 i2u8_41 02B0                   _ISRlow 0018                   i2u9_40 02CC  
                 i2u9_41 02C8                   isa$std 000001               __accesstop 0080  
__end_of__initialization 030E            ___rparam_used 000001           __pcstackCOMRAM 0001  
                ?_ISRlow 0001                  i1u24_27 00B2                  i2u25_47 02EA  
        __size_of_ISRlow 00BA                  __Hparam 0000                  __Lparam 0000  
             _full_close 000A                  __pcinit 0306                  __ramtop 0600  
                __ptext0 00D6             __size_of_ISR 02FE           __pintcode_body 0278  
   end_of_initialization 030E                  int_func 0278                _PORTDbits 000F83  
              _TRISDbits 000F95              _CCP1CONbits 000FBD           __end_of_ISRlow 00D2  
    start_initialization 0306              __end_of_ISR 0306                 ??_ISRlow 0003  
            __pbssCOMRAM 000A                __pintcode 0008              __pintcodelo 0018  
               _IPR1bits 000F9F                 _PIE1bits 000F9D                 _RCONbits 000FD0  
            _INTCON3bits 000FF0                 __Hrparam 0000                 __Lrparam 0000  
          __size_of_main 01A2                 isa$xinst 000000                 int$flags 000E  
             _INTCONbits 000FF2                 intlevel1 0000                 intlevel2 0000  
             _OSCCONbits 000FD3  
